Intermittent failures in ImportExistingTest

We have an automated test bot that runs the tests every hour or so. Twice in the past two days I've seen a failure in ImportExistingTest. The failure is intermittent -- asking the bot to run it again simply results in all tests passing. It seems like there might be a timing problem in the test itself. FIRST FAILURE The following failures occurred: FAILURE: testImportSingleDirectory(org.eclipse.ui.tests.datatransfer.ImportExistingTest) (614) junit.framework.AssertionFailedError: Files were not imported         at junit.framework.Assert.fail(Assert.java:47)         at junit.framework.Assert.assertTrue(Assert.java:20)         at org.eclipse.ui.tests.datatransfer.ImportExistingTest.verifyProjectInWorkspace(ImportExistingTest.java:631)         at org.eclipse.ui.tests.datatransfer.ImportExistingTest.testImportSingleDirectory(ImportExistingTest.java:428)         at sun.reflect.NativeMethodAccessorImpl.invoke0(Native Method)         at sun.reflect.NativeMethodAccessorImpl.invoke(NativeMethodAccessorImpl.java:39)         at sun.reflect.DelegatingMethodAccessorImpl.invoke(DelegatingMethodAccessorImpl.java:25)         at java.lang.reflect.Method.invoke(Method.java:585)         at junit.framework.TestCase.runTest(TestCase.java:154)         at junit.framework.TestCase.runBare(TestCase.java:127)         at junit.framework.TestResult$1.protect(TestResult.java:106)         at junit.framework.TestResult.runProtected(TestResult.java:124)         at junit.framework.TestResult.run(TestResult.java:109)         at junit.framework.TestCase.run(TestCase.java:118)         at junit.framework.TestSuite.runTest(TestSuite.java:208)         at junit.framework.TestSuite.run(TestSuite.java:203)         at junit.framework.TestSuite.runTest(TestSuite.java:208)         at junit.framework.TestSuite.run(TestSuite.java:203)         at junit.framework.TestSuite.runTest(TestSuite.java:208)         at junit.framework.TestSuite.run(TestSuite.java:203)         at org.eclipse.jdt.internal.junit.runner.RemoteTestRunner.runTests(RemoteTestRunner.java:478)         at org.eclipse.jdt.internal.junit.runner.RemoteTestRunner.run(RemoteTestRunner.java:344)         at org.eclipse.pde.internal.junit.runtime.RemotePluginTestRunner.main(RemotePluginTestRunner.java:57)         at org.eclipse.pde.internal.junit.runtime.UITestApplication$1.run(UITestApplication.java:105)         at org.eclipse.swt.widgets.RunnableLock.run(RunnableLock.java:35)         at org.eclipse.swt.widgets.Synchronizer.runAsyncMessages(Synchronizer.java:123)         at org.eclipse.swt.widgets.Display.runAsyncMessages(Display.java:3038)         at org.eclipse.swt.widgets.Display.readAndDispatch(Display.java:2746)         at org.eclipse.ui.internal.Workbench.runEventLoop(Workbench.java:1794)         at org.eclipse.ui.internal.Workbench.runUI(Workbench.java:1758)         at org.eclipse.ui.internal.Workbench.createAndRunWorkbench(Workbench.java:381)         at org.eclipse.ui.PlatformUI.createAndRunWorkbench(PlatformUI.java:143)         at org.eclipse.ui.internal.ide.IDEApplication.run(IDEApplication.java:106)         at org.eclipse.pde.internal.junit.runtime.UITestApplication.run(UITestApplication.java:45)         at org.eclipse.core.internal.runtime.PlatformActivator$1.run(PlatformActivator.java:109)         at org.eclipse.core.runtime.adaptor.EclipseStarter.run(EclipseStarter.java:376)         at org.eclipse.core.runtime.adaptor.EclipseStarter.run(EclipseStarter.java:165)         at sun.reflect.NativeMethodAccessorImpl.invoke0(Native Method)         at sun.reflect.NativeMethodAccessorImpl.invoke(NativeMethodAccessorImpl.java:39)         at sun.reflect.DelegatingMethodAccessorImpl.invoke(DelegatingMethodAccessorImpl.java:25)         at java.lang.reflect.Method.invoke(Method.java:585)         at org.eclipse.core.launcher.Main.invokeFramework(Main.java:338)         at org.eclipse.core.launcher.Main.basicRun(Main.java:282)         at org.eclipse.core.launcher.Main.run(Main.java:977)         at org.eclipse.core.launcher.Main.main(Main.java:952) SECOND FAILURE The following failures occurred: FAILURE: testImportSingleDirectoryWithCopyDeleteProjectKeepContents(org.eclipse.ui.tests.datatransfer.ImportExistingTest) (615) junit.framework.AssertionFailedError: Files were not imported         at junit.framework.Assert.fail(Assert.java:47)         at junit.framework.Assert.assertTrue(Assert.java:20)         at org.eclipse.ui.tests.datatransfer.ImportExistingTest.verifyProjectInWorkspace(ImportExistingTest.java:631)         at org.eclipse.ui.tests.datatransfer.ImportExistingTest.testImportSingleDirectoryWithCopyDeleteProjectKeepContents(ImportExistingTest.java:530)         at sun.reflect.NativeMethodAccessorImpl.invoke0(Native Method)         at sun.reflect.NativeMethodAccessorImpl.invoke(NativeMethodAccessorImpl.java:39)         at sun.reflect.DelegatingMethodAccessorImpl.invoke(DelegatingMethodAccessorImpl.java:25)         at java.lang.reflect.Method.invoke(Method.java:585)         at junit.framework.TestCase.runTest(TestCase.java:154)         at junit.framework.TestCase.runBare(TestCase.java:127)         at junit.framework.TestResult$1.protect(TestResult.java:106)         at junit.framework.TestResult.runProtected(TestResult.java:124)         at junit.framework.TestResult.run(TestResult.java:109)         at junit.framework.TestCase.run(TestCase.java:118)         at junit.framework.TestSuite.runTest(TestSuite.java:208)         at junit.framework.TestSuite.run(TestSuite.java:203)         at junit.framework.TestSuite.runTest(TestSuite.java:208)         at junit.framework.TestSuite.run(TestSuite.java:203)         at junit.framework.TestSuite.runTest(TestSuite.java:208)         at junit.framework.TestSuite.run(TestSuite.java:203)         at org.eclipse.jdt.internal.junit.runner.RemoteTestRunner.runTests(RemoteTestRunner.java:478)         at org.eclipse.jdt.internal.junit.runner.RemoteTestRunner.run(RemoteTestRunner.java:344)         at org.eclipse.pde.internal.junit.runtime.RemotePluginTestRunner.main(RemotePluginTestRunner.java:57)         at org.eclipse.pde.internal.junit.runtime.UITestApplication$1.run(UITestApplication.java:105)         at org.eclipse.swt.widgets.RunnableLock.run(RunnableLock.java:35)         at org.eclipse.swt.widgets.Synchronizer.runAsyncMessages(Synchronizer.java:123)         at org.eclipse.swt.widgets.Display.runAsyncMessages(Display.java:3038)         at org.eclipse.swt.widgets.Display.readAndDispatch(Display.java:2746)         at org.eclipse.ui.internal.Workbench.runEventLoop(Workbench.java:1794)         at org.eclipse.ui.internal.Workbench.runUI(Workbench.java:1758)         at org.eclipse.ui.internal.Workbench.createAndRunWorkbench(Workbench.java:381)         at org.eclipse.ui.PlatformUI.createAndRunWorkbench(PlatformUI.java:143)         at org.eclipse.ui.internal.ide.IDEApplication.run(IDEApplication.java:106)         at org.eclipse.pde.internal.junit.runtime.UITestApplication.run(UITestApplication.java:45)         at org.eclipse.core.internal.runtime.PlatformActivator$1.run(PlatformActivator.java:226)         at org.eclipse.core.runtime.adaptor.EclipseStarter.run(EclipseStarter.java:376)         at org.eclipse.core.runtime.adaptor.EclipseStarter.run(EclipseStarter.java:165)         at sun.reflect.NativeMethodAccessorImpl.invoke0(Native Method)         at sun.reflect.NativeMethodAccessorImpl.invoke(NativeMethodAccessorImpl.java:39)         at sun.reflect.DelegatingMethodAccessorImpl.invoke(DelegatingMethodAccessorImpl.java:25)         at java.lang.reflect.Method.invoke(Method.java:585)         at org.eclipse.core.launcher.Main.invokeFramework(Main.java:338)         at org.eclipse.core.launcher.Main.basicRun(Main.java:282)         at org.eclipse.core.launcher.Main.run(Main.java:977)         at org.eclipse.core.launcher.Main.main(Main.java:952)